C:\Users\nzima\OneDrive\Documents\Image-Line\FL Studio\Support\Logs\Notifications\Notifications 2025-01-02_170228.log
---
02/01/2025 17:02:11 Your license was renewed
Please restart the program to apply the license.
---
02/01/2025 16:59:06 Language support update
Update for language: 24.2 has been downloaded
---
02/01/2025 16:59:03 Language support update
Update for language: 24.1.2 has been downloaded
---
02/01/2025 16:59:03 Novation
A controller's script has been updated
---
02/01/2025 16:59:03 Language support update
Update for language: 24.1.1 has been downloaded
---
02/01/2025 16:59:03 NI Komplete Kontrol
A controller's script has been updated
---
02/01/2025 16:59:03 KORG Keystage
A controller's script has been updated
---
02/01/2025 16:59:03 Language support update
Update for language: 24.1 has been downloaded
---
02/01/2025 16:59:03 Arturia MiniLab MKII
A controller's script has been updated
---
02/01/2025 16:59:03 Arturia MiniLab 3
A controller's script has been updated
---
02/01/2025 16:59:03 Language support update
Update for language: 21.2.3 has been downloaded
---
02/01/2025 16:59:03 Arturia KeyLab MKII
A controller's script has been updated
---
02/01/2025 16:59:03 Language support update
Update for language: 21.2.2 has been downloaded
---
02/01/2025 16:59:03 Arturia KeyLab mk3
A controller's script has been updated
---
02/01/2025 16:59:03 Language support update
Update for language: 21.2 has been downloaded
---
02/01/2025 16:59:03 Arturia KeyLab Essential mk3
A controller's script has been updated
---
02/01/2025 16:59:03 Arturia KeyLab Essential
A controller's script has been updated
---
02/01/2025 16:59:03 Language support update
Update for language: 21.0.3 has been downloaded
---
